!SESSION 2024-11-19 14:26:42.556 -----------------------------------------------
eclipse.buildId=4.33.0.20240905-0613
java.version=23.0.1
java.vendor=Eclipse Adoptium
BootLoader constants: OS=macosx, ARCH=aarch64, WS=cocoa, NL=en_US
Framework arguments:  -product org.eclipse.epp.package.java.product -keyring /Users/steven/.eclipse_keyring
Command-line arguments:  -os macosx -ws cocoa -arch aarch64 -product org.eclipse.epp.package.java.product -keyring /Users/steven/.eclipse_keyring

!ENTRY ch.qos.logback.classic 1 0 2024-11-19 14:26:44.098
!MESSAGE Activated before the state location was initialized. Retry after the state location is initialized.

!ENTRY org.eclipse.osgi 4 0 2024-11-19 14:26:45.503
!MESSAGE Application error
!STACK 1
org.eclipse.swt.SWTException: Device is disposed
	at org.eclipse.swt.SWT.error(SWT.java:4922)
	at org.eclipse.swt.SWT.error(SWT.java:4837)
	at org.eclipse.swt.SWT.error(SWT.java:4808)
	at org.eclipse.swt.widgets.Display.error(Display.java:1211)
	at org.eclipse.swt.widgets.Display.checkDevice(Display.java:711)
	at org.eclipse.swt.widgets.Display.getData(Display.java:1576)
	at org.eclipse.ui.internal.WorkbenchPlugin.unsetSplashShell(WorkbenchPlugin.java:1201)
	at org.eclipse.ui.internal.ide.application.IDEApplication.start(IDEApplication.java:144)
	at org.eclipse.equinox.internal.app.EclipseAppHandle.run(EclipseAppHandle.java:208)
	at org.eclipse.core.runtime.internal.adaptor.EclipseAppLauncher.runApplication(EclipseAppLauncher.java:143)
	at org.eclipse.core.runtime.internal.adaptor.EclipseAppLauncher.start(EclipseAppLauncher.java:109)
	at org.eclipse.core.runtime.adaptor.EclipseStarter.run(EclipseStarter.java:439)
	at org.eclipse.core.runtime.adaptor.EclipseStarter.run(EclipseStarter.java:271)
	at java.base/jdk.internal.reflect.DirectMethodHandleAccessor.invoke(DirectMethodHandleAccessor.java:103)
	at java.base/java.lang.reflect.Method.invoke(Method.java:580)
	at org.eclipse.equinox.launcher.Main.invokeFramework(Main.java:668)
	at org.eclipse.equinox.launcher.Main.basicRun(Main.java:605)
	at org.eclipse.equinox.launcher.Main.run(Main.java:1481)
